<?xml version="1.0" encoding="UTF-8"?>
<!-- Generated by org.testng.reporters.JUnitReportReporter -->
<testsuite skipped="0" hostname="DESKTOP-V3JUOU1" name="com.qa.TestScripts.TC_AmazonTest" tests="3" failures="0" timestamp="28 Apr 2021 07:05:20 GMT" time="47.656" errors="0">
  <testcase name="seachCategory" time="11.628" classname="com.qa.TestScripts.TC_AmazonTest"/>
  <testcase name="seachCategory" time="17.981" classname="com.qa.TestScripts.TC_AmazonTest"/>
  <testcase name="seachCategory" time="18.047" classname="com.qa.TestScripts.TC_AmazonTest"/>
</testsuite> <!-- com.qa.TestScripts.TC_AmazonTest -->
