<?xml version="1.0" encoding="UTF-8"?>
<!-- Generated by org.testng.reporters.JUnitReportReporter -->
<testsuite skipped="0" hostname="DESKTOP-V3JUOU1" name="com.qa.TestScripts.TC_FaceBookInvalid" tests="3" failures="0" timestamp="03 May 2021 11:30:26 GMT" time="31.282" errors="0">
  <testcase name="login" time="19.759" classname="com.qa.TestScripts.TC_FaceBookInvalid"/>
  <testcase name="login" time="5.951" classname="com.qa.TestScripts.TC_FaceBookInvalid"/>
  <testcase name="login" time="5.572" classname="com.qa.TestScripts.TC_FaceBookInvalid"/>
</testsuite> <!-- com.qa.TestScripts.TC_FaceBookInvalid -->
