<?xml version="1.0" encoding="UTF-8"?>
<!-- Generated by org.testng.reporters.JUnitReportReporter -->
<testsuite skipped="0" hostname="DESKTOP-V3JUOU1" name="com.qa.TestScripts.TC_GoogleTest" tests="1" failures="0" timestamp="28 Apr 2021 04:44:22 GMT" time="7.326" errors="0">
  <testcase name="search" time="7.326" classname="com.qa.TestScripts.TC_GoogleTest"/>
</testsuite> <!-- com.qa.TestScripts.TC_GoogleTest -->
