<?xml version="1.0" encoding="UTF-8"?>
<!-- Generated by org.testng.reporters.JUnitReportReporter -->
<testsuite skipped="0" hostname="DESKTOP-V3JUOU1" name="com.qa.TestScripts.TC_ScrollByPositionsAmazon" tests="1" failures="0" timestamp="29 Apr 2021 14:04:42 GMT" time="27.118" errors="0">
  <testcase name="scrollBy" time="27.118" classname="com.qa.TestScripts.TC_ScrollByPositionsAmazon"/>
</testsuite> <!-- com.qa.TestScripts.TC_ScrollByPositionsAmazon -->
