<?xml version="1.0" encoding="UTF-8"?>
<!-- Generated by org.testng.reporters.JUnitReportReporter -->
<testsuite skipped="0" hostname="DESKTOP-V3JUOU1" name="com.qa.TestScripts.TestNgAnnotationDemo" tests="3" failures="0" timestamp="27 Apr 2021 11:49:15 GMT" time="0.029" errors="0">
  <testcase name="ccBillPayment" time="0.024" classname="com.qa.TestScripts.TestNgAnnotationDemo"/>
  <testcase name="utilityBillPayment" time="0.002" classname="com.qa.TestScripts.TestNgAnnotationDemo"/>
  <testcase name="fundTranfer" time="0.003" classname="com.qa.TestScripts.TestNgAnnotationDemo"/>
</testsuite> <!-- com.qa.TestScripts.TestNgAnnotationDemo -->
