<?xml version="1.0" encoding="UTF-8"?>
<!-- Generated by org.testng.reporters.JUnitReportReporter -->
<testsuite skipped="0" hostname="DESKTOP-V3JUOU1" name="com.qa.TestScripts.TC_AmazonTestFooter" tests="1" failures="0" timestamp="29 Apr 2021 13:47:45 GMT" time="5.897" errors="0">
  <testcase name="getCountyNames" time="5.897" classname="com.qa.TestScripts.TC_AmazonTestFooter"/>
</testsuite> <!-- com.qa.TestScripts.TC_AmazonTestFooter -->
