<?xml version="1.0" encoding="UTF-8"?>
<!-- Generated by org.testng.reporters.JUnitReportReporter -->
<testsuite skipped="0" hostname="DESKTOP-V3JUOU1" name="com.qa.TestScripts.TC_FaceBook" tests="1" failures="0" timestamp="03 May 2021 11:05:52 GMT" time="39.398" errors="0">
  <testcase name="login" time="39.398" classname="com.qa.TestScripts.TC_FaceBook"/>
</testsuite> <!-- com.qa.TestScripts.TC_FaceBook -->
