<?xml version="1.0" encoding="UTF-8"?>
<!-- Generated by org.testng.reporters.JUnitReportReporter -->
<testsuite skipped="0" hostname="DESKTOP-V3JUOU1" name="com.qa.TestScripts.TC_AmazonTest01" tests="3" failures="0" timestamp="28 Apr 2021 10:06:58 GMT" time="59.595" errors="0">
  <testcase name="seachCategory" time="19.073" classname="com.qa.TestScripts.TC_AmazonTest01"/>
  <testcase name="seachCategory" time="18.480" classname="com.qa.TestScripts.TC_AmazonTest01"/>
  <testcase name="seachCategory" time="22.042" classname="com.qa.TestScripts.TC_AmazonTest01"/>
</testsuite> <!-- com.qa.TestScripts.TC_AmazonTest01 -->
