<?xml version="1.0" encoding="UTF-8"?>
<!-- Generated by org.testng.reporters.JUnitReportReporter -->
<testsuite skipped="0" hostname="DESKTOP-V3JUOU1" name="com.qa.TestScripts.TC_CityBank" tests="1" failures="0" timestamp="28 Apr 2021 16:37:26 GMT" time="40.728" errors="0">
  <testcase name="multipleWindow" time="40.728" classname="com.qa.TestScripts.TC_CityBank"/>
</testsuite> <!-- com.qa.TestScripts.TC_CityBank -->
